2024-05-01 09:52:40 DEBUG    Strategy started
2024-05-01 18:39:50 DEBUG    trade with ticket 59801119 closed due to daily drawdown protection
2024-05-01 18:43:39 DEBUG    trade with ticket 59801122 closed due to max payout - Request payout now! Yay!
2024-05-01 18:50:50 DEBUG    trade with ticket 59801124 closed for no weekend hold
2024-05-02 05:04:38 DEBUG    trade with buy ticket 59801287 closed due to negative swap protection
2024-05-02 05:23:21 DEBUG    No trades allowed due to news event
2024-05-02 05:40:53 DEBUG    No trades allowed due to not being within the trading hours
2024-05-02 05:41:09 DEBUG    No trades allowed due to not being within the trading hours
2024-05-02 05:41:47 DEBUG    No trades allowed due to not being within the trading hours
2024-05-02 05:42:02 DEBUG    No trades allowed due to not being within the trading hours
2024-05-02 07:52:11 DEBUG    sell trade opened
2024-05-02 08:00:53 DEBUG    Stoploss set for ticket 59801731
2024-05-02 09:54:57 DEBUG    Strategy started
2024-05-02 10:05:39 DEBUG    Strategy started
2024-05-02 10:55:01 DEBUG    Strategy started
2024-05-02 11:15:39 DEBUG    Strategy started
2024-05-02 11:22:53 DEBUG    Strategy started
2024-05-02 15:18:48 DEBUG    Strategy started
2024-05-02 15:26:20 DEBUG    Strategy started
2024-05-02 15:30:02 DEBUG    buy trade opened
2024-05-02 15:30:02 DEBUG    Stoploss set for ticket 59817586
2024-05-02 16:07:09 DEBUG    Strategy started
2024-05-02 16:07:09 DEBUG    No trades allowed due to not being within the trading hours
2024-05-02 16:11:42 DEBUG    Strategy started
2024-05-02 16:15:03 DEBUG    sell trade opened
2024-05-02 16:15:03 DEBUG    Stoploss set for ticket 59818471
2024-05-02 16:20:07 DEBUG    No trades allowed due to either swap True or more_trades True being False
2024-05-02 16:25:03 DEBUG    No trades allowed due to either swap True or more_trades True being False
2024-05-02 16:30:03 DEBUG    sell trade opened
2024-05-02 16:30:03 DEBUG    Stoploss set for ticket 59818518
